<?xml version="1.0" encoding="UTF-8"?>
<!-- Generated by org.testng.reporters.JUnitXMLReporter -->
<testsuite hostname="DESKTOP-V7VR2E8" ignored="0" name="Default test" tests="6" failures="0" timestamp="24 апр 2018 08:10:32 GMT" time="0.063" errors="0">
  <testcase name="validatePasswordLength_EmptyPassword_FasleReturned" time="0.015" classname="by.epam.project.hostel.service.validation.testng.UserValidatorImplTestPassword"/>
  <testcase name="validatePasswordLength_NullPassword_FasleReturned" time="0.0" classname="by.epam.project.hostel.service.validation.testng.UserValidatorImplTestPassword"/>
  <testcase name="validatePasswordLength_PasswordLength14_TrueReturned" time="0.0" classname="by.epam.project.hostel.service.validation.testng.UserValidatorImplTestPassword"/>
  <testcase name="validatePasswordLength_PasswordLength15_FasleReturned" time="0.016" classname="by.epam.project.hostel.service.validation.testng.UserValidatorImplTestPassword"/>
  <testcase name="validatePasswordLength_PasswordLength7_FasleReturned" time="0.0" classname="by.epam.project.hostel.service.validation.testng.UserValidatorImplTestPassword"/>
  <testcase name="validatePasswordLength_PasswordLength8_TrueReturned" time="0.0" classname="by.epam.project.hostel.service.validation.testng.UserValidatorImplTestPassword"/>
</testsuite> <!-- Default test -->
